<?xml version="1.0" encoding="UTF-8"?>
<!-- Generated by org.testng.reporters.JUnitReportReporter -->
<testsuite hostname="DESKTOP-BU1B1AD" failures="0" tests="1" name="Listener.TestNGListener.AppTest" time="0.001" errors="0" timestamp="2022-04-03T17:02:51 IST" skipped="0">
  <testcase classname="Listener.TestNGListener.AppTest" name="shouldAnswerWithTrue" time="0.001"/>
  <system-out/>
</testsuite> <!-- Listener.TestNGListener.AppTest -->
