<?xml version="1.0" encoding="UTF-8"?>
<!-- Generated by org.testng.reporters.JUnitReportReporter -->
<testsuite hostname="DESKTOP-BU1B1AD" failures="0" tests="3" name="Listener.TestNGListener.SampleTest" time="0.004" errors="0" timestamp="2022-04-03T17:02:51 IST" skipped="0">
  <testcase classname="Listener.TestNGListener.SampleTest" name="methodOne" time="0.002"/>
  <system-out/>
  <testcase classname="Listener.TestNGListener.SampleTest" name="methodTwo" time="0.001"/>
  <system-out/>
  <testcase classname="Listener.TestNGListener.SampleTest" name="methodThree" time="0.001"/>
  <system-out/>
</testsuite> <!-- Listener.TestNGListener.SampleTest -->
